<?xml version="1.0" encoding="UTF-8"?>
<!-- Generated by org.testng.reporters.JUnitReportReporter -->
<testsuite hostname="LAPTOP-RM4DVEEJ" failures="0" tests="3" name="practice_assignment.ClassB" time="0.005" errors="0" timestamp="2024-11-29T23:09:08 IST" skipped="0">
  <testcase classname="practice_assignment.ClassB" name="Exact" time="0.001"/>
  <system-out/>
  <testcase classname="practice_assignment.ClassB" name="Window" time="0.002"/>
  <system-out/>
  <testcase classname="practice_assignment.ClassB" name="System" time="0.002"/>
  <system-out/>
</testsuite> <!-- practice_assignment.ClassB -->
