<?xml version="1.0" encoding="UTF-8"?>
<!-- Generated by org.testng.reporters.JUnitReportReporter -->
<testsuite hostname="LAPTOP-RM4DVEEJ" failures="0" tests="2" name="practice_assignment.ClassA" time="0.003" errors="0" timestamp="2024-11-29T23:09:08 IST" skipped="0">
  <testcase classname="practice_assignment.ClassA" name="goat" time="0.002"/>
  <system-out/>
  <testcase classname="practice_assignment.ClassA" name="fox" time="0.001"/>
  <system-out/>
</testsuite> <!-- practice_assignment.ClassA -->
