<?xml version="1.0" encoding="UTF-8"?>
<!-- Generated by org.testng.reporters.JUnitReportReporter -->
<testsuite hostname="LAPTOP-RM4DVEEJ" failures="0" tests="3" name="practice_assignment.ClassC" time="0.028" errors="0" timestamp="2024-11-29T23:09:08 IST" skipped="0">
  <testcase classname="practice_assignment.ClassC" name="remo" time="0.003"/>
  <system-out/>
  <testcase classname="practice_assignment.ClassC" name="sample" time="0.003"/>
  <system-out/>
  <testcase classname="practice_assignment.ClassC" name="demo" time="0.022"/>
  <system-out/>
</testsuite> <!-- practice_assignment.ClassC -->
