<?xml version="1.0" encoding="UTF-8"?>
<!-- Generated by org.testng.reporters.JUnitReportReporter -->
<testsuite hostname="LAPTOP-RM4DVEEJ" failures="0" tests="2" name="practice.TestNg_assignment1" time="5.384" errors="0" timestamp="2024-11-07T21:37:31 IST" skipped="1">
  <testcase classname="practice.TestNg_assignment1" name="browser_Window" time="5.384"/>
  <testcase classname="practice.TestNg_assignment1" name="javaScript_popops">
    <skipped/>
  </testcase> <!-- javaScript_popops -->
</testsuite> <!-- practice.TestNg_assignment1 -->
