<?xml version="1.0" encoding="UTF-8"?>
<!-- Generated by org.testng.reporters.JUnitReportReporter -->
<testsuite hostname="LAPTOP-RM4DVEEJ" failures="0" tests="1" name="practice.trycatchSamplejdbcon" time="0.157" errors="0" timestamp="2024-11-12T18:07:26 IST" skipped="0">
  <testcase classname="practice.trycatchSamplejdbcon" name="jdbcconnectionprogrm" time="0.157"/>
  <system-out/>
</testsuite> <!-- practice.trycatchSamplejdbcon -->
